#Yll -3.600000e+00 3.793977e+01 2.020126e-02
#Yll -3.527273e+00 4.498073e+01 2.415983e-02
#Yll -3.454545e+00 5.205872e+01 2.812301e-02
#Yll -3.381818e+00 5.906163e+01 3.207743e-02
#Yll -3.309091e+00 6.588505e+01 3.593064e-02
#Yll -3.236364e+00 7.247163e+01 3.969600e-02
#Yll -3.163636e+00 7.873590e+01 4.317870e-02
#Yll -3.090909e+00 8.469555e+01 4.660816e-02
#Yll -3.018182e+00 9.025634e+01 4.977844e-02
#Yll -2.945455e+00 9.542290e+01 5.274468e-02
#Yll -2.872727e+00 1.001781e+02 5.547301e-02
#Yll -2.800000e+00 1.045232e+02 5.797053e-02
#Yll -2.727273e+00 1.084671e+02 6.023741e-02
#Yll -2.654545e+00 1.120348e+02 6.229682e-02
#Yll -2.581818e+00 1.152385e+02 6.413739e-02
#Yll -2.509091e+00 1.181191e+02 6.579482e-02
#Yll -2.436364e+00 1.207138e+02 6.728941e-02
#Yll -2.363636e+00 1.230522e+02 6.862871e-02
#Yll -2.290909e+00 1.251653e+02 6.984853e-02
#Yll -2.218182e+00 1.270897e+02 7.094901e-02
#Yll -2.145455e+00 1.288604e+02 7.195993e-02
#Yll -2.072727e+00 1.305071e+02 7.288713e-02
#Yll -2.000000e+00 1.321000e+02 7.379768e-02
#Yll -1.927273e+00 1.335715e+02 7.463462e-02
#Yll -1.854545e+00 1.349620e+02 7.541554e-02
#Yll -1.781818e+00 1.363247e+02 7.618907e-02
#Yll -1.709091e+00 1.376405e+02 7.692753e-02
#Yll -1.636364e+00 1.389012e+02 7.763753e-02
#Yll -1.563636e+00 1.401262e+02 7.832481e-02
#Yll -1.490909e+00 1.413128e+02 7.899708e-02
#Yll -1.418182e+00 1.424448e+02 7.964076e-02
#Yll -1.345455e+00 1.435322e+02 8.024515e-02
#Yll -1.272727e+00 1.445835e+02 8.083889e-02
#Yll -1.200000e+00 1.455851e+02 8.140361e-02
#Yll -1.127273e+00 1.465343e+02 8.193855e-02
#Yll -1.054545e+00 1.474370e+02 8.246562e-02
#Yll -9.818182e-01 1.482801e+02 8.292663e-02
#Yll -9.090909e-01 1.490570e+02 8.336299e-02
#Yll -8.363636e-01 1.497818e+02 8.377122e-02
#Yll -7.636364e-01 1.504593e+02 8.415387e-02
#Yll -6.909091e-01 1.510738e+02 8.450153e-02
#Yll -6.181818e-01 1.516240e+02 8.481010e-02
#Yll -5.454545e-01 1.521149e+02 8.509110e-02
#Yll -4.727273e-01 1.525344e+02 8.532718e-02
#Yll -4.000000e-01 1.528843e+02 8.552387e-02
#Yll -3.272727e-01 1.531821e+02 8.569034e-02
#Yll -2.545455e-01 1.534248e+02 8.582964e-02
#Yll -1.818182e-01 1.535979e+02 8.593707e-02
#Yll -1.090909e-01 1.537100e+02 8.598758e-02
#Yll -3.636364e-02 1.537712e+02 8.602310e-02
#Yll 3.636364e-02 1.537712e+02 8.602310e-02
#Yll 1.090909e-01 1.537100e+02 8.598758e-02
#Yll 1.818182e-01 1.535979e+02 8.593707e-02
#Yll 2.545455e-01 1.534248e+02 8.582964e-02
#Yll 3.272727e-01 1.531821e+02 8.569034e-02
#Yll 4.000000e-01 1.528843e+02 8.552387e-02
#Yll 4.727273e-01 1.525344e+02 8.532718e-02
#Yll 5.454545e-01 1.521149e+02 8.509110e-02
#Yll 6.181818e-01 1.516240e+02 8.481010e-02
#Yll 6.909091e-01 1.510738e+02 8.450153e-02
#Yll 7.636364e-01 1.504593e+02 8.415387e-02
#Yll 8.363636e-01 1.497818e+02 8.377122e-02
#Yll 9.090909e-01 1.490570e+02 8.336299e-02
#Yll 9.818182e-01 1.482801e+02 8.292663e-02
#Yll 1.054545e+00 1.474370e+02 8.246562e-02
#Yll 1.127273e+00 1.465343e+02 8.193855e-02
#Yll 1.200000e+00 1.455851e+02 8.140361e-02
#Yll 1.272727e+00 1.445835e+02 8.083889e-02
#Yll 1.345455e+00 1.435322e+02 8.024515e-02
#Yll 1.418182e+00 1.424448e+02 7.964076e-02
#Yll 1.490909e+00 1.413128e+02 7.899708e-02
#Yll 1.563636e+00 1.401262e+02 7.832481e-02
#Yll 1.636364e+00 1.389012e+02 7.763753e-02
#Yll 1.709091e+00 1.376405e+02 7.692753e-02
#Yll 1.781818e+00 1.363247e+02 7.618907e-02
#Yll 1.854545e+00 1.349620e+02 7.541554e-02
#Yll 1.927273e+00 1.335715e+02 7.463462e-02
#Yll 2.000000e+00 1.321000e+02 7.379768e-02
#Yll 2.072727e+00 1.305071e+02 7.288713e-02
#Yll 2.145455e+00 1.288604e+02 7.195993e-02
#Yll 2.218182e+00 1.270897e+02 7.094901e-02
#Yll 2.290909e+00 1.251653e+02 6.984853e-02
#Yll 2.363636e+00 1.230522e+02 6.862871e-02
#Yll 2.436364e+00 1.207138e+02 6.728941e-02
#Yll 2.509091e+00 1.181191e+02 6.579482e-02
#Yll 2.581818e+00 1.152385e+02 6.413739e-02
#Yll 2.654545e+00 1.120348e+02 6.229682e-02
#Yll 2.727273e+00 1.084671e+02 6.023741e-02
#Yll 2.800000e+00 1.045232e+02 5.797053e-02
#Yll 2.872727e+00 1.001781e+02 5.547301e-02
#Yll 2.945455e+00 9.542290e+01 5.274468e-02
#Yll 3.018182e+00 9.025634e+01 4.977844e-02
#Yll 3.090909e+00 8.469555e+01 4.660816e-02
#Yll 3.163636e+00 7.873590e+01 4.317870e-02
#Yll 3.236364e+00 7.247163e+01 3.969600e-02
#Yll 3.309091e+00 6.588505e+01 3.593064e-02
#Yll 3.381818e+00 5.906163e+01 3.207743e-02
#Yll 3.454545e+00 5.205872e+01 2.812301e-02
#Yll 3.527273e+00 4.498073e+01 2.415983e-02
#Yll 3.600000e+00 3.793977e+01 2.020126e-02
#Mll 1.000000e+01 5.447194e+02 3.480529e-01
#Mll 1.095477e+01 4.168131e+02 1.118775e-01
#Mll 1.190955e+01 3.248911e+02 1.880377e-01
#Mll 1.286432e+01 2.573353e+02 9.735453e-02
#Mll 1.381910e+01 2.067137e+02 4.335198e-02
#Mll 1.477387e+01 1.681252e+02 1.090922e-01
#Mll 1.572864e+01 1.382606e+02 5.920868e-02
#Mll 1.668342e+01 1.148354e+02 6.024442e-02
#Mll 1.763819e+01 9.623688e+01 2.271923e-02
#Mll 1.859296e+01 8.130711e+01 1.331846e-03
#Mll 1.954774e+01 6.920245e+01 2.656860e-02
#Mll 2.050251e+01 5.929857e+01 4.561276e-02
#Mll 2.145729e+01 5.112923e+01 4.095923e-02
#Mll 2.241206e+01 4.433875e+01 3.285625e-02
#Mll 2.336683e+01 3.865478e+01 2.205963e-02
#Mll 2.432161e+01 3.386590e+01 4.497134e-03
#Mll 2.527638e+01 2.980654e+01 1.738145e-02
#Mll 2.623116e+01 2.634666e+01 2.516032e-02
#Mll 2.718593e+01 2.338235e+01 1.839841e-02
#Mll 2.814070e+01 2.083004e+01 5.943455e-03
#Mll 2.909548e+01 1.862266e+01 5.099338e-03
#Mll 3.005025e+01 1.670542e+01 1.652289e-03
#Mll 3.100503e+01 1.503349e+01 7.546356e-03
#Mll 3.195980e+01 1.356991e+01 1.207761e-02
#Mll 3.291457e+01 1.228408e+01 1.045617e-02
#Mll 3.386935e+01 1.115100e+01 7.972581e-03
#Mll 3.482412e+01 1.014911e+01 6.992585e-03
#Mll 3.577889e+01 9.260862e+00 2.914415e-03
#Mll 3.673367e+01 8.471136e+00 1.512314e-03
#Mll 3.768844e+01 7.767150e+00 1.757217e-04
#Mll 3.864322e+01 7.138034e+00 1.432274e-03
#Mll 3.959799e+01 6.574526e+00 4.439915e-03
#Mll 4.055276e+01 6.068715e+00 5.495483e-03
#Mll 4.150754e+01 5.613802e+00 5.295758e-03
#Mll 4.246231e+01 5.203921e+00 3.692354e-03
#Mll 4.341709e+01 4.834027e+00 2.163725e-03
#Mll 4.437186e+01 4.499660e+00 1.751826e-03
#Mll 4.532663e+01 4.197120e+00 9.157780e-04
#Mll 4.628141e+01 3.923089e+00 6.226294e-04
#Mll 4.723618e+01 3.674490e+00 2.602772e-04
#Mll 4.819095e+01 3.448841e+00 4.399577e-05
#Mll 4.914573e+01 3.243923e+00 3.521371e-04
#Mll 5.010050e+01 3.057791e+00 5.880924e-04
#Mll 5.105528e+01 2.888729e+00 7.160825e-04
#Mll 5.201005e+01 2.735231e+00 7.389813e-04
#Mll 5.296482e+01 2.595981e+00 6.171554e-04
#Mll 5.391960e+01 2.469835e+00 3.939065e-04
#Mll 5.487437e+01 2.355810e+00 3.305451e-04
#Mll 5.582915e+01 2.253042e+00 4.122845e-04
#Mll 5.678392e+01 2.160782e+00 6.549988e-04
#Mll 5.773869e+01 2.078393e+00 1.073018e-03
#Mll 5.869347e+01 2.005346e+00 1.468337e-03
#Mll 5.964824e+01 1.941212e+00 1.505751e-03
#Mll 6.060302e+01 1.885662e+00 8.628671e-04
#Mll 6.155779e+01 1.838469e+00 1.769509e-04
#Mll 6.251256e+01 1.799504e+00 4.209209e-05
#Mll 6.346734e+01 1.768732e+00 2.023918e-04
#Mll 6.442211e+01 1.746228e+00 2.032424e-04
#Mll 6.537688e+01 1.732195e+00 6.222194e-05
#Mll 6.633166e+01 1.726982e+00 2.005107e-06
#Mll 6.728643e+01 1.731106e+00 8.277521e-07
#Mll 6.824121e+01 1.745262e+00 1.463144e-03
#Mll 6.919598e+01 1.770403e+00 9.321105e-04
#Mll 7.015075e+01 1.807741e+00 8.112330e-04
#Mll 7.110553e+01 1.858867e+00 6.070876e-04
#Mll 7.206030e+01 1.925835e+00 2.335663e-04
#Mll 7.301508e+01 2.011309e+00 1.055699e-04
#Mll 7.396985e+01 2.118762e+00 1.169263e-03
#Mll 7.492462e+01 2.252799e+00 1.948373e-03
#Mll 7.587940e+01 2.419423e+00 2.177335e-03
#Mll 7.683417e+01 2.626797e+00 1.736200e-03
#Mll 7.778894e+01 2.886038e+00 9.013563e-04
#Mll 7.874372e+01 3.212638e+00 2.679064e-04
#Mll 7.969849e+01 3.628647e+00 5.262621e-05
#Mll 8.065327e+01 4.166274e+00 3.030444e-05
#Mll 8.160804e+01 4.873981e+00 6.620228e-05
#Mll 8.256281e+01 5.827321e+00 6.459845e-05
#Mll 8.351759e+01 7.149172e+00 1.889138e-07
#Mll 8.447236e+01 9.049835e+00 5.563102e-04
#Mll 8.542714e+01 1.191235e+01 2.980513e-03
#Mll 8.638191e+01 1.649026e+01 8.474330e-03
#Mll 8.733668e+01 2.441562e+01 1.733089e-02
#Mll 8.829146e+01 3.966267e+01 2.643379e-02
#Mll 8.924623e+01 7.312483e+01 3.057510e-02
#Mll 9.020101e+01 1.523624e+02 2.511913e-02
#Mll 9.115578e+01 2.469878e+02 1.271218e-02
#Mll 9.211055e+01 1.596922e+02 4.314058e-03
#Mll 9.306533e+01 7.520694e+01 2.307293e-03
#Mll 9.402010e+01 3.965992e+01 1.969962e-03
#Mll 9.497487e+01 2.378109e+01 1.963931e-03
#Mll 9.592965e+01 1.566976e+01 2.050981e-03
#Mll 9.688442e+01 1.104841e+01 2.327735e-03
#Mll 9.783920e+01 8.189131e+00 2.416846e-03
#Mll 9.879397e+01 6.305309e+00 2.167934e-03
#Mll 9.974874e+01 5.001829e+00 1.582527e-03
#Mll 1.007035e+02 4.063944e+00 7.706389e-04
#Mll 1.016583e+02 3.367278e+00 5.302904e-05
#Mll 1.026131e+02 2.835953e+00 3.715956e-04
#Mll 1.035678e+02 2.421624e+00 1.061149e-03
#Mll 1.045226e+02 2.092346e+00 1.579232e-03
#Mll 1.054774e+02 1.826344e+00 1.698754e-03
#Mll 1.064322e+02 1.608370e+00 1.466958e-03
#Mll 1.073869e+02 1.427497e+00 1.093032e-03
#Mll 1.083417e+02 1.275729e+00 7.220933e-04
#Mll 1.092965e+02 1.147113e+00 4.487069e-04
#Mll 1.102513e+02 1.037143e+00 3.031681e-04
#Mll 1.112060e+02 9.423581e-01 2.413695e-04
#Mll 1.121608e+02 8.600661e-01 2.168014e-04
#Mll 1.131156e+02 7.881460e-01 1.956433e-04
#Mll 1.140704e+02 7.249094e-01 1.623950e-04
#Mll 1.150251e+02 6.689997e-01 1.082322e-04
#Mll 1.159799e+02 6.193053e-01 5.286981e-04
#Mll 1.169347e+02 5.749463e-01 3.814504e-04
#Mll 1.178894e+02 5.351682e-01 2.714133e-04
#Mll 1.188442e+02 4.993537e-01 1.772301e-04
#Mll 1.197990e+02 4.669871e-01 8.211872e-05
#Mll 1.207538e+02 4.376338e-01 1.347003e-05
#Mll 1.217085e+02 4.109257e-01 1.317642e-05
#Mll 1.226633e+02 3.865497e-01 5.084726e-05
#Mll 1.236181e+02 3.642381e-01 7.972646e-05
#Mll 1.245729e+02 3.437608e-01 8.153271e-05
#Mll 1.255276e+02 3.249189e-01 4.480597e-05
#Mll 1.264824e+02 3.075412e-01 4.731983e-06
#Mll 1.274372e+02 2.914783e-01 2.004169e-05
#Mll 1.283920e+02 2.765997e-01 6.168836e-05
#Mll 1.293467e+02 2.627908e-01 8.865205e-05
#Mll 1.303015e+02 2.499510e-01 8.081889e-05
#Mll 1.312563e+02 2.379908e-01 4.386568e-05
#Mll 1.322111e+02 2.268307e-01 4.081755e-06
#Mll 1.331658e+02 2.164003e-01 2.834656e-05
#Mll 1.341206e+02 2.066365e-01 9.863244e-05
#Mll 1.350754e+02 1.974833e-01 1.809377e-04
#Mll 1.360302e+02 1.888868e-01 4.784881e-05
#Mll 1.369849e+02 1.808087e-01 5.150632e-05
#Mll 1.379397e+02 1.732055e-01 5.817232e-05
#Mll 1.388945e+02 1.660408e-01 6.683950e-05
#Mll 1.398492e+02 1.592816e-01 7.564674e-05
#Mll 1.408040e+02 1.528980e-01 8.256066e-05
#Mll 1.417588e+02 1.468628e-01 8.593138e-05
#Mll 1.427136e+02 1.411511e-01 8.622391e-05
#Mll 1.436683e+02 1.357404e-01 8.290190e-05
#Mll 1.446231e+02 1.306099e-01 7.672359e-05
#Mll 1.455779e+02 1.257408e-01 6.928954e-05
#Mll 1.465327e+02 1.211158e-01 6.129694e-05
#Mll 1.474874e+02 1.167192e-01 5.402606e-05
#Mll 1.484422e+02 1.125363e-01 4.904208e-05
#Mll 1.493970e+02 1.085537e-01 4.444618e-05
#Mll 1.503518e+02 1.047591e-01 3.983711e-05
#Mll 1.513065e+02 1.011410e-01 3.512106e-05
#Mll 1.522613e+02 9.768895e-02 2.996724e-05
#Mll 1.532161e+02 9.439299e-02 2.350598e-05
#Mll 1.541709e+02 9.124416e-02 1.794765e-05
#Mll 1.551256e+02 8.823402e-02 1.335318e-05
#Mll 1.560804e+02 8.535472e-02 8.622029e-06
#Mll 1.570352e+02 8.259897e-02 3.546471e-06
#Mll 1.579899e+02 7.995995e-02 1.130551e-07
#Mll 1.589447e+02 7.743138e-02 6.115315e-06
#Mll 1.598995e+02 7.500740e-02 1.694122e-05
#Mll 1.608543e+02 7.268255e-02 2.916696e-05
#Mll 1.618090e+02 7.045175e-02 4.010756e-05
#Mll 1.627638e+02 6.831020e-02 4.786789e-05
#Mll 1.637186e+02 6.625341e-02 5.055927e-05
#Mll 1.646734e+02 6.427715e-02 4.736181e-05
#Mll 1.656281e+02 6.237741e-02 4.079513e-05
#Mll 1.665829e+02 6.055041e-02 3.231156e-05
#Mll 1.675377e+02 5.879261e-02 2.405752e-05
#Mll 1.684925e+02 5.710066e-02 1.746381e-05
#Mll 1.694472e+02 5.547145e-02 1.298623e-05
#Mll 1.704020e+02 5.390202e-02 1.105097e-05
#Mll 1.713568e+02 5.238960e-02 1.155356e-05
#Mll 1.723116e+02 5.093158e-02 1.381207e-05
#Mll 1.732663e+02 4.952551e-02 1.778489e-05
#Mll 1.742211e+02 4.816911e-02 2.249500e-05
#Mll 1.751759e+02 4.686021e-02 2.681865e-05
#Mll 1.761307e+02 4.559673e-02 3.061425e-05
#Mll 1.770854e+02 4.437673e-02 3.383432e-05
#Mll 1.780402e+02 4.319833e-02 3.542436e-05
#Mll 1.789950e+02 4.205978e-02 3.523721e-05
#Mll 1.799497e+02 4.095939e-02 3.456372e-05
#Mll 1.809045e+02 3.989557e-02 3.363856e-05
#Mll 1.818593e+02 3.886682e-02 3.272650e-05
#Mll 1.828141e+02 3.787171e-02 3.193623e-05
#Mll 1.837688e+02 3.690887e-02 3.083027e-05
#Mll 1.847236e+02 3.597699e-02 2.926975e-05
#Mll 1.856784e+02 3.507487e-02 2.729418e-05
#Mll 1.866332e+02 3.420131e-02 2.535450e-05
#Mll 1.875879e+02 3.335520e-02 2.405441e-05
#Mll 1.885427e+02 3.253547e-02 2.315251e-05
#Mll 1.894975e+02 3.174112e-02 2.231128e-05
#Mll 1.904523e+02 3.097118e-02 2.120852e-05
#Mll 1.914070e+02 3.022474e-02 1.990945e-05
#Mll 1.923618e+02 2.950091e-02 1.873563e-05
#Mll 1.933166e+02 2.879886e-02 1.773744e-05
#Mll 1.942714e+02 2.811777e-02 1.676183e-05
#Mll 1.952261e+02 2.745687e-02 1.534981e-05
#Mll 1.961809e+02 2.681543e-02 1.336650e-05
#Mll 1.971357e+02 2.619273e-02 1.090960e-05
#Mll 1.980905e+02 2.558809e-02 8.230124e-06
#Mll 1.990452e+02 2.500089e-02 5.460842e-06
#Mll 2.000000e+02 2.443053e-02 3.159618e-06
#total 897.1018242299992 pb
